0 info it worked if it ends with ok
1 verbose cli [ '/usr/local/bin/node', '/usr/local/bin/npm', 'publish' ]
2 info using npm@3.8.3
3 info using node@v5.10.0
4 verbose publish [ '.' ]
5 silly cache add args [ '.', null ]
6 verbose cache add spec .
7 silly cache add parsed spec Result {
7 silly cache add   raw: '.',
7 silly cache add   scope: null,
7 silly cache add   name: null,
7 silly cache add   rawSpec: '.',
7 silly cache add   spec: '/Users/Adrian/git/resource-pebble',
7 silly cache add   type: 'directory' }
8 verbose addLocalDirectory /Users/Adrian/.npm/resource-pebble/1.0.16/package.tgz not in flight; packing
9 verbose correctMkdir /Users/Adrian/.npm correctMkdir not in flight; initializing
10 info lifecycle resource-pebble@1.0.16~prepublish: resource-pebble@1.0.16
11 silly lifecycle resource-pebble@1.0.16~prepublish: no script for prepublish, continuing
12 verbose tar pack [ '/Users/Adrian/.npm/resource-pebble/1.0.16/package.tgz',
12 verbose tar pack   '/Users/Adrian/git/resource-pebble' ]
13 verbose tarball /Users/Adrian/.npm/resource-pebble/1.0.16/package.tgz
14 verbose folder /Users/Adrian/git/resource-pebble
15 verbose addLocalTarball adding from inside cache /Users/Adrian/.npm/resource-pebble/1.0.16/package.tgz
16 verbose correctMkdir /Users/Adrian/.npm correctMkdir not in flight; initializing
17 silly cache afterAdd resource-pebble@1.0.16
18 verbose afterAdd /Users/Adrian/.npm/resource-pebble/1.0.16/package/package.json not in flight; writing
19 verbose correctMkdir /Users/Adrian/.npm correctMkdir not in flight; initializing
20 verbose afterAdd /Users/Adrian/.npm/resource-pebble/1.0.16/package/package.json written
21 silly publish { name: 'resource-pebble',
21 silly publish   version: '1.0.16',
21 silly publish   description: 'This module greatly simplify rest API creation. Supply the constructor with a mongoose model and an express router is generated from the plural name of the model. Given a model named Article, app.use(resource(Article)) will generate all the routes listed below. (With no authentication)',
21 silly publish   repository:
21 silly publish    { type: 'git',
21 silly publish      url: 'git+https://github.com/adrianhelvik/resource-pebble.git' },
21 silly publish   main: 'index.js',
21 silly publish   keywords:
21 silly publish    [ 'resource',
21 silly publish      'rest resource',
21 silly publish      'api',
21 silly publish      'rest',
21 silly publish      'restful',
21 silly publish      'api prototype',
21 silly publish      'rapid api development' ],
21 silly publish   scripts:
21 silly publish    { test: 'mocha --compilers coffee:coffee-script/register',
21 silly publish      'watch:test': 'mocha --compilers coffee:coffee-script/register --watch',
21 silly publish      compile: 'mkdir -p lib && rm -r lib && mkdir -p lib && coffee --output lib --compile src' },
21 silly publish   author: '',
21 silly publish   license: 'ISC',
21 silly publish   devDependencies:
21 silly publish    { async: '^2.0.0-rc.3',
21 silly publish      'body-parser': '^1.15.0',
21 silly publish      chai: '^3.5.0',
21 silly publish      chance: '^1.0.2',
21 silly publish      'coffee-script': '^1.10.0',
21 silly publish      express: '^4.13.4',
21 silly publish      mocha: '^2.4.5',
21 silly publish      mockgoose: '^6.0.2',
21 silly publish      mongoose: '^4.4.12',
21 silly publish      request: '^2.72.0' },
21 silly publish   dependencies: { pluralize: '^1.2.1' },
21 silly publish   readme: 'This module greatly simplify rest API creation. Supply the constructor with\na mongoose model and an express router is generated from the plural name of\nthe model. Given a model named Article, app.use(resource(Article)) will\ngenerate all the routes listed below. (With no authentication)\n\nController to route relation\n----------------------------\n\n(models being the lowercase plural form of the given model name)\n\n* show: GET /models/:id\n* all: GET /models\n* create: POST /models\n* update: PUT /models/:id\n* destroy: DELETE /models/:id\n\nDependencies\n------------\n\n* body-parser or similar middleware\n\nAPI\n---\n\napp.use(resourcePebble(Model:mongoose Model, [options:object]))\n\n### options.controller: class(Model: mongoose model)|function(Model:mongoose model)\n\nSwap out the default controller with another controller.\nThe constructor should accept a Model parameter, which\nis the model that will be used in the controller.\n\n### options.middleware\n\nExample usage\n-------------\n\n```js\nvar express = require(\'express\');\nvar app = express();\nvar bodyParser = require(\'body-parser\');\nvar resourcePebble = require(\'resource-pebble\')\n\n// body-parser or a similar middleware is required\napp.use(bodyParser.urlencoded({ extended: false }));\napp.use(bodyParser.json());\n\n// Find a mongoose model for the resource\nArticle = require(\'./models/article\');\n\nvar authMiddleware = require(\'./middleware/auth\');\n\napp.use(resourcePebble(Article), {\n\n    // Optionally register middleware for routes\n    middleware: {\n        \'create\': authMiddleware,\n        \'update\': authMiddleware\n    },\n\n    // Optionally restrict the number of methods to use\n    only: [\'show\', \'create\', \'update\']\n});\n```\n\nResponses\n---------\n\nThe default responses are on the form:\n```\n{\n    "status": Number,\n    "success": Boolean,\n    "data": ANY\n}\n```\n\nThe responses can be changed by extending the express response object with\na provide method. I am planning to develop response provider middleware\nfor express. The functionality required for this is enabled in this module.\nTo enable custom throughout your app you can use the stripped down\nimplementation specified below.\n\n### Response API\nNote: This is not enabled by by default, but will be used if available.\n\n`res.provide(responseType:String, data: ANY)`\n\n#### Stripped down implementation\n```javascript\n\nvar providers = {}; // Holds your response functions\n\nfunction responseProvider(req, res, next) {\n    res.provide = function (name, data) {\n        var provider = providers[name](data);\n        res.status(provider.status || 500);\n        res.json(provider.data);\n    }\n    next();\n}\n\napp.use(responseProvider);\n\nresponses.error = function (data) {\n    if (! process.env.DEBUG)\n        data = null\n    return {\n        status: 500,\n        data: data\n    };\n}\n```\n\n### Required responses\n* error\n* success\n* created\n\nTODO\n----\n\n### Default controller\n* Create sad path tests\n* Create resource not found response for show-route\n* Create nested resources\n    * If model contains references to other models, create nested resources recursively\n    * one -> many\n        * create all endpoints\n    * one -> one\n        * create update and destroy endpoints\n\n### Resource pebble\n* Create tests for middleware\n* Enable multiple methods per middleware (as in `middleware: { \'create update\': authMiddleware }`)\n\n### Misc.\n* Create response provider module\n',
21 silly publish   readmeFilename: 'README.md',
21 silly publish   gitHead: '3d01000c410003db348e96c8a5d514c9ee27a9b3',
21 silly publish   bugs: { url: 'https://github.com/adrianhelvik/resource-pebble/issues' },
21 silly publish   homepage: 'https://github.com/adrianhelvik/resource-pebble#readme',
21 silly publish   _id: 'resource-pebble@1.0.16',
21 silly publish   _shasum: '7aba965b73eaaeab82c6b8707dd0ff93c7cec834',
21 silly publish   _from: '.' }
22 verbose getPublishConfig undefined
23 silly mapToRegistry name resource-pebble
24 silly mapToRegistry using default registry
25 silly mapToRegistry registry https://registry.npmjs.org/
26 silly mapToRegistry data Result {
26 silly mapToRegistry   raw: 'resource-pebble',
26 silly mapToRegistry   scope: null,
26 silly mapToRegistry   name: 'resource-pebble',
26 silly mapToRegistry   rawSpec: '',
26 silly mapToRegistry   spec: 'latest',
26 silly mapToRegistry   type: 'tag' }
27 silly mapToRegistry uri https://registry.npmjs.org/resource-pebble
28 verbose publish registryBase https://registry.npmjs.org/
29 silly publish uploading /Users/Adrian/.npm/resource-pebble/1.0.16/package.tgz
30 verbose request uri https://registry.npmjs.org/resource-pebble
31 verbose request sending authorization for write operation
32 info attempt registry request try #1 at 2:12:37 AM
33 verbose request using bearer token for auth
34 verbose request id 1af3819e285373cf
35 http request PUT https://registry.npmjs.org/resource-pebble
36 http 403 https://registry.npmjs.org/resource-pebble
37 verbose headers { 'content-type': 'application/json',
37 verbose headers   'cache-control': 'max-age=300',
37 verbose headers   'content-length': '96',
37 verbose headers   'accept-ranges': 'bytes',
37 verbose headers   date: 'Wed, 27 Apr 2016 00:12:38 GMT',
37 verbose headers   via: '1.1 varnish',
37 verbose headers   connection: 'keep-alive',
37 verbose headers   'x-served-by': 'cache-ams4126-AMS',
37 verbose headers   'x-cache': 'MISS',
37 verbose headers   'x-cache-hits': '0',
37 verbose headers   'x-timer': 'S1461715957.688555,VS0,VE1204',
37 verbose headers   vary: 'Accept-Encoding' }
38 verbose request invalidating /Users/Adrian/.npm/registry.npmjs.org/resource-pebble on PUT
39 error publish Failed PUT 403
40 verbose stack Error: "You cannot publish over the previously published version 1.0.16." : resource-pebble
40 verbose stack     at makeError (/usr/local/lib/node_modules/npm/node_modules/npm-registry-client/lib/request.js:264:12)
40 verbose stack     at CachingRegistryClient.<anonymous> (/usr/local/lib/node_modules/npm/node_modules/npm-registry-client/lib/request.js:252:14)
40 verbose stack     at Request._callback (/usr/local/lib/node_modules/npm/node_modules/npm-registry-client/lib/request.js:172:14)
40 verbose stack     at Request.self.callback (/usr/local/lib/node_modules/npm/node_modules/request/request.js:199:22)
40 verbose stack     at emitTwo (events.js:100:13)
40 verbose stack     at Request.emit (events.js:185:7)
40 verbose stack     at Request.<anonymous> (/usr/local/lib/node_modules/npm/node_modules/request/request.js:1036:10)
40 verbose stack     at emitOne (events.js:95:20)
40 verbose stack     at Request.emit (events.js:182:7)
40 verbose stack     at IncomingMessage.<anonymous> (/usr/local/lib/node_modules/npm/node_modules/request/request.js:963:12)
41 verbose statusCode 403
42 verbose pkgid resource-pebble
43 verbose cwd /Users/Adrian/git/resource-pebble
44 error Darwin 15.0.0
45 error argv "/usr/local/bin/node" "/usr/local/bin/npm" "publish"
46 error node v5.10.0
47 error npm  v3.8.3
48 error code E403
49 error "You cannot publish over the previously published version 1.0.16." : resource-pebble
50 error If you need help, you may report this error at:
50 error     <https://github.com/npm/npm/issues>
51 verbose exit [ 1, true ]
